<?xml version="1.0" encoding="UTF-8"?>
<!-- Generated by org.testng.reporters.JUnitReportReporter -->
<testsuite hostname="Simge-MacBook-Air.local" failures="0" tests="3" name="APITests" time="3.887" errors="0" timestamp="2022-08-31T17:44:17 TRT" skipped="0">
  <testcase classname="APITests" name="createUserTest" time="3.511"/>
  <system-out/>
  <testcase classname="APITests" name="getStatusCode200BDD" time="0.248"/>
  <system-out/>
  <testcase classname="APITests" name="getStatusCode200" time="0.128"/>
  <system-out/>
</testsuite> <!-- APITests -->
